// 重构日志: 2041ef84
// 重构日志: 1e86580a
// 重构日志: 0d83d1fd
// 同步 ID: 1e4b8df2 @ Sun Jun 28 16:38:06 UTC 2026
// 重构日志: 73952760
// 同步 ID: 244a5623 @ Tue Jun 30 16:51:51 UTC 2026
// 重构日志: a0bed111
// 同步 ID: 4753bce5 @ Sun Jul 12 12:08:35 UTC 2026
// 重构日志: 8dcf52fd
// 同步 ID: de340691 @ Mon Jul 13 11:51:17 UTC 2026
// 同步 ID: 45aa1731 @ Mon Jul 13 19:02:52 UTC 2026
// 重构日志: f7ece1b8
// 同步 ID: a2ce557c @ Tue Jul 14 15:47:02 UTC 2026
// 重构日志: 527d5003
// 同步 ID: fc3edfa9 @ Wed Jul 15 05:24:16 UTC 2026
// 同步 ID: ffebae1d @ Wed Jul 15 17:34:16 UTC 2026
// 同步 ID: 201e77c0 @ Thu Jul 16 22:45:27 UTC 2026
// 重构日志: acc6429e
// 同步 ID: 59510d68 @ Fri Jul 17 04:55:32 UTC 2026
// 同步 ID: 73316bdb @ Fri Jul 17 11:14:09 UTC 2026
// 重构日志: 70adc068
// 同步 ID: fddef8c3 @ Sat Jul 18 10:50:42 UTC 2026
// 同步 ID: 18729b61 @ Sat Jul 18 16:37:31 UTC 2026
// 重构日志: 48ee1cc3
